\BOOKMARK [0][-]{chapter*.2}{\376\377\000C\000o\000p\000y\000r\000i\000g\000h\000t}{}% 1
\BOOKMARK [0][-]{chapter*.3}{\376\377\000A\000p\000p\000r\000o\000v\000a\000l\000\040\000L\000e\000t\000t\000e\000r}{}% 2
\BOOKMARK [0][-]{chapter*.4}{\376\377\000A\000b\000s\000t\000r\000a\000c\000t}{}% 3
\BOOKMARK [0][-]{chapter*.5}{\376\377\000A\000c\000k\000n\000o\000w\000l\000e\000d\000g\000m\000e\000n\000t}{}% 4
\BOOKMARK [0][-]{chapter.1}{\376\377\000I\000n\000t\000r\000o\000d\000u\000c\000t\000i\000o\000n}{}% 5
\BOOKMARK [1][-]{section.1.1}{\376\377\000B\000a\000c\000k\000g\000r\000o\000u\000n\000d}{chapter.1}% 6
\BOOKMARK [2][-]{subsection.1.1.1}{\376\377\000R\000e\000f\000e\000r\000r\000i\000n\000g\000\040\000S\000e\000c\000t\000i\000o\000n}{section.1.1}% 7
\BOOKMARK [0][-]{chapter.2}{\376\377\000L\000I\000T\000E\000R\000A\000T\000U\000R\000E\000\040\000R\000E\000V\000I\000E\000W}{}% 8
\BOOKMARK [0][-]{chapter.3}{\376\377\000M\000E\000T\000H\000O\000D\000O\000L\000O\000G\000Y}{}% 9
\BOOKMARK [1][-]{section.3.1}{\376\377\000W\000o\000r\000k\000i\000n\000g\000\040\000M\000e\000c\000h\000a\000n\000i\000s\000m}{chapter.3}% 10
\BOOKMARK [2][-]{subsection.3.1.1}{\376\377\000B\000l\000o\000c\000k\000\040\000D\000i\000a\000g\000r\000a\000m}{section.3.1}% 11
\BOOKMARK [2][-]{subsection.3.1.2}{\376\377\000B\000l\000o\000c\000k\000\040\000d\000i\000a\000g\000r\000a\000m\000\040\000o\000f\000\040\000b\000l\000o\000c\000k\000c\000h\000a\000i\000n}{section.3.1}% 12
\BOOKMARK [1][-]{section.3.2}{\376\377\000S\000y\000s\000t\000e\000m\000\040\000M\000o\000d\000e\000l\000s}{chapter.3}% 13
\BOOKMARK [2][-]{subsection.3.2.1}{\376\377\000U\000s\000e\000\040\000C\000a\000s\000e\000\040\000D\000i\000a\000g\000r\000a\000m}{section.3.2}% 14
\BOOKMARK [2][-]{subsection.3.2.2}{\376\377\000D\000a\000t\000a\000\040\000F\000l\000o\000w\000\040\000D\000i\000a\000g\000r\000a\000m\000s\000\040\000\050\000D\000F\000D\000\051}{section.3.2}% 15
\BOOKMARK [2][-]{subsection.3.2.3}{\376\377\000A\000c\000t\000i\000v\000i\000t\000y\000\040\000d\000i\000a\000g\000r\000a\000m}{section.3.2}% 16
\BOOKMARK [1][-]{section.3.3}{\376\377\000S\000D\000L\000C}{chapter.3}% 17
\BOOKMARK [1][-]{section.3.4}{\376\377\000S\000e\000c\000t\000i\000o\000n\000\040\000f\000o\000r\000\040\000S\000a\000m\000p\000l\000e\000\040\000T\000a\000b\000l\000e}{chapter.3}% 18
\BOOKMARK [2][-]{subsection.3.4.1}{\376\377\000R\000e\000f\000e\000r\000r\000i\000n\000g\000\040\000T\000a\000b\000l\000e}{section.3.4}% 19
\BOOKMARK [1][-]{section.3.5}{\376\377\000C\000o\000m\000p\000l\000e\000x\000\040\000T\000a\000b\000l\000e\000\040\000f\000r\000o\000m\000\040\000E\000x\000c\000e\000l}{chapter.3}% 20
\BOOKMARK [0][-]{chapter.4}{\376\377\000E\000q\000u\000a\000t\000i\000o\000n\000s}{}% 21
\BOOKMARK [1][-]{section.4.1}{\376\377\000B\000a\000s\000i\000c\000s\000\040\000o\000f\000\040\000E\000q\000u\000a\000t\000i\000o\000n\000s}{chapter.4}% 22
\BOOKMARK [1][-]{section.4.2}{\376\377\000R\000e\000f\000e\000r\000e\000n\000c\000i\000n\000g\000\040\000t\000h\000e\000\040\000E\000q\000u\000a\000t\000i\000o\000n}{chapter.4}% 23
\BOOKMARK [0][-]{chapter.5}{\376\377\000L\000i\000s\000t\000i\000n\000g\000\040\000E\000x\000a\000m\000p\000l\000e\000s}{}% 24
\BOOKMARK [1][-]{section.5.1}{\376\377\000T\000h\000e\000\040\000S\000u\000b\000s\000e\000c\000t\000i\000o\000n\000s}{chapter.5}% 25
\BOOKMARK [0][-]{chapter.6}{\376\377\000E\000x\000a\000m\000p\000l\000e\000\040\000a\000b\000b\000r\000\040\000a\000n\000d\000\040\000s\000y\000m\000b\000o\000l\000s}{}% 26
\BOOKMARK [1][-]{section.6.1}{\376\377\000A\000b\000b\000r}{chapter.6}% 27
\BOOKMARK [1][-]{section.6.2}{\376\377\000S\000y\000m\000b\000o\000l\000s}{chapter.6}% 28
\BOOKMARK [0][-]{chapter.7}{\376\377\000C\000i\000t\000a\000t\000i\000o\000n\000\040\000E\000x\000a\000m\000p\000l\000e}{}% 29
\BOOKMARK [1][-]{section.7.1}{\376\377\000C\000i\000t\000a\000t\000i\000o\000n\000\040\000a\000n\000d\000\040\000c\000o\000m\000p\000i\000l\000i\000n\000g\000\040\000b\000i\000b\000\040\000f\000i\000l\000e}{chapter.7}% 30
\BOOKMARK [0][-]{Item.25}{\376\377\000R\000e\000f\000e\000r\000e\000n\000c\000e\000s}{}% 31
\BOOKMARK [0][-]{chapter*.20}{\376\377\000A\000p\000p\000e\000n\000d\000i\000x}{}% 32
